<component name="libraryTable">
  <library name="junit_junit_3.8.1">
    <CLASSES>
      <root url="jar://$MAVEN_REPOSITORY$/junit/junit/3.8.1/junit-3.8.1.jar!/" />
    </CLASSES>
    <JAVADOC />
    <SOURCES>
      <root url="jar://$USER_HOME$/.ivy2/cache/junit/junit/srcs/junit-3.8.1-sources.jar!/" />
    </SOURCES>
  </library>
</component>